*** Using Compiler 'V5.06 update 7 (build 960)', folder: 'D:\keil\ARM\ARM_Compiler_5.06u7\Bin'
Rebuild target 'AnchorFOC'
compiling fifo.c...
assembling startup_gd32f30x_hd.s...
compiling gd32f30x_dac.c...
compiling sys_malloc.c...
compiling gd32f30x_it.c...
compiling gd32f30x_crc.c...
compiling gd32f30x_dbg.c...
compiling system_gd32f30x.c...
compiling gd32f30x_bkp.c...
compiling usr_config.c...
compiling display_ui.c...
compiling gd32f30x_ctc.c...
compiling gd32f30x_enet.c...
compiling main.c...
compiling gd32f30x_adc.c...
compiling gd32f30x_dma.c...
compiling gd32f30x_can.c...
compiling gd32f30x_exmc.c...
compiling gd32f30x_exti.c...
compiling gd32f30x_fmc.c...
compiling gd32f30x_fwdgt.c...
compiling gd32f30x_wwdgt.c...
compiling gd32f30x_misc.c...
compiling gd32f30x_rtc.c...
compiling gd32f30x_gpio.c...
compiling gd32f30x_pmu.c...
compiling bsp_gpio.c...
compiling gd32f30x_sdio.c...
compiling gd32f30x_spi.c...
compiling gd32f30x_rcu.c...
compiling gd32f30x_usart.c...
compiling bsp_timer.c...
compiling gd32f30x_timer.c...
compiling bsp_usart.c...
compiling bsp_adc.c...
compiling bsp_dwt.c...
compiling motor.c...
compiling trajectory.c...
compiling bsp_systick.c...
compiling bsp_mt6816.c...
compiling flag_storage.c...
compiling svpwm.c...
compiling control.c...
compiling bsp_lcd.c...
compiling calib.c...
linking...
Program Size: Code=31260 RO-data=14196 RW-data=1620 ZI-data=26028  
FromELF: creating hex file...
".\output\AnchorFOC.axf" - 0 Error(s), 0 Warning(s).
Build Time Elapsed:  00:00:01
